Library/Bee/Android/Prj/IL2CPP/Gradle/unityLibrary/build/intermediates/manifest_merge_blame_file/release/manifest-merger-blame-release-report.txt
1<?xml version="1.0" encoding="utf-8"?>
2<manifest xmlns:android="http://schemas.android.com/apk/res/android"
3    xmlns:tools="http://schemas.android.com/tools"
4    package="com.unity3d.player" >
5
6    <uses-sdk
7        android:minSdkVersion="33"
7-->src/main/AndroidManifest.xml
8        android:targetSdkVersion="33" />
8-->src/main/AndroidManifest.xml
9
10    <uses-permission android:name="android.permission.INTERNET" />
10-->src/main/AndroidManifest.xml:3:3-65
10-->src/main/AndroidManifest.xml:3:20-62
11
12    <uses-feature android:glEsVersion="0x00030000" />
12-->src/main/AndroidManifest.xml:4:3-52
12-->src/main/AndroidManifest.xml:4:17-49
13    <uses-feature
13-->src/main/AndroidManifest.xml:5:3-91
14        android:name="android.hardware.vulkan.version"
14-->src/main/AndroidManifest.xml:5:17-63
15        android:required="false" />
15-->src/main/AndroidManifest.xml:5:64-88
16    <uses-feature
16-->src/main/AndroidManifest.xml:6:3-88
17        android:name="android.hardware.touchscreen"
17-->src/main/AndroidManifest.xml:6:17-60
18        android:required="false" />
18-->src/main/AndroidManifest.xml:6:61-85
19    <uses-feature
19-->src/main/AndroidManifest.xml:7:3-99
20        android:name="android.hardware.touchscreen.multitouch"
20-->src/main/AndroidManifest.xml:7:17-71
21        android:required="false" />
21-->src/main/AndroidManifest.xml:7:72-96
22    <uses-feature
22-->src/main/AndroidManifest.xml:8:3-108
23        android:name="android.hardware.touchscreen.multitouch.distinct"
23-->src/main/AndroidManifest.xml:8:17-80
24        android:required="false" />
24-->src/main/AndroidManifest.xml:8:81-105
25
26    <application android:extractNativeLibs="true" >
26-->src/main/AndroidManifest.xml:9:3-23:17
26-->src/main/AndroidManifest.xml:9:16-48
27        <meta-data
27-->src/main/AndroidManifest.xml:10:5-69
28            android:name="unity.splash-mode"
28-->src/main/AndroidManifest.xml:10:16-48
29            android:value="0" />
29-->src/main/AndroidManifest.xml:10:49-66
30        <meta-data
30-->src/main/AndroidManifest.xml:11:5-74
31            android:name="unity.splash-enable"
31-->src/main/AndroidManifest.xml:11:16-50
32            android:value="True" />
32-->src/main/AndroidManifest.xml:11:51-71
33        <meta-data
33-->src/main/AndroidManifest.xml:12:5-78
34            android:name="unity.launch-fullscreen"
34-->src/main/AndroidManifest.xml:12:16-54
35            android:value="True" />
35-->src/main/AndroidManifest.xml:12:55-75
36        <meta-data
36-->src/main/AndroidManifest.xml:13:5-84
37            android:name="unity.allow-resizable-window"
37-->src/main/AndroidManifest.xml:13:16-59
38            android:value="False" />
38-->src/main/AndroidManifest.xml:13:60-81
39        <meta-data
39-->src/main/AndroidManifest.xml:14:5-81
40            android:name="notch.config"
40-->src/main/AndroidManifest.xml:14:16-43
41            android:value="portrait|landscape" />
41-->src/main/AndroidManifest.xml:14:44-78
42        <meta-data
42-->src/main/AndroidManifest.xml:15:5-84
43            android:name="unity.auto-report-fully-drawn"
43-->src/main/AndroidManifest.xml:15:16-60
44            android:value="true" />
44-->src/main/AndroidManifest.xml:15:61-81
45
46        <activity
46-->src/main/AndroidManifest.xml:16:5-22:16
47            android:name="com.sample.drawingappsample.UnityPlayerCustomActivity"
47-->src/main/AndroidManifest.xml:16:15-83
48            android:configChanges="orientation|keyboardHidden|screenSize|smallestScreenSize|layoutDirection|uiMode|screenLayout|density"
48-->src/main/AndroidManifest.xml:16:112-236
49            android:exported="true"
49-->src/main/AndroidManifest.xml:16:281-304
50            android:label="Drawing App"
50-->src/main/AndroidManifest.xml:16:84-111
51            android:screenOrientation="sensorLandscape" >
51-->src/main/AndroidManifest.xml:16:237-280
52            <intent-filter>
52-->src/main/AndroidManifest.xml:17:7-20:23
53                <category android:name="android.intent.category.LAUNCHER" />
53-->src/main/AndroidManifest.xml:18:9-69
53-->src/main/AndroidManifest.xml:18:19-66
54
55                <action android:name="android.intent.action.MAIN" />
55-->src/main/AndroidManifest.xml:19:9-61
55-->src/main/AndroidManifest.xml:19:17-58
56            </intent-filter>
57
58            <meta-data
58-->src/main/AndroidManifest.xml:21:7-70
59                android:name="notch_support"
59-->src/main/AndroidManifest.xml:21:18-46
60                android:value="true" />
60-->src/main/AndroidManifest.xml:21:47-67
61        </activity>
62    </application>
63
64</manifest>